<?xml version="1.0" encoding="UTF-8"?>
<!-- Generated by org.testng.reporters.JUnitXMLReporter -->
<testsuite ignored="0" hostname="DESKTOP-DVUMH6U" failures="0" tests="2" name="Default test" time="107.77" errors="0" timestamp="2024-05-21T13:47:38 GMT-04:00">
  <testcase classname="com.theScore.qa.testcases.TheScoreHomePageTest" name="AccountImgTest" time="1.081"/>
  <testcase classname="com.theScore.qa.testcases.TheScoreHomePageTest" name="OpenLeague" time="1.302"/>
</testsuite> <!-- Default test -->
