<?xml version="1.0" encoding="UTF-8"?>
<!-- Generated by org.testng.reporters.JUnitXMLReporter -->
<testsuite ignored="0" hostname="DESKTOP-DVUMH6U" failures="0" tests="6" name="theScore Application Automation Testcases" time="344.896" errors="0" timestamp="2024-05-21T15:08:01 GMT-04:00">
  <testcase classname="com.theScore.qa.testcases.TheScoreHomePageTest" name="AccountImgTest" time="1.148"/>
  <testcase classname="com.theScore.qa.testcases.TheScoreHomePageTest" name="OpenLeague" time="1.337"/>
  <testcase classname="com.theScore.qa.testcases.TheScoreEPLPageTest" name="VerifyEPLTitleTest" time="3.509"/>
  <testcase classname="com.theScore.qa.testcases.TheScoreEPLPageTest" name="OpenTable" time="5.976"/>
  <testcase classname="com.theScore.qa.testcases.TheScoreTablePageTest" name="VerifyTableTitletest" time="1.467"/>
  <testcase classname="com.theScore.qa.testcases.TheScoreTablePageTest" name="VerifyBackToHomeWorking" time="0.101"/>
</testsuite> <!-- theScore Application Automation Testcases -->
