<?xml version="1.0" encoding="UTF-8"?>
<!-- Generated by org.testng.reporters.JUnitXMLReporter -->
<testsuite ignored="0" hostname="DESKTOP-DVUMH6U" failures="0" tests="6" name="theScore Application Automation Testcases" time="329.895" errors="0" timestamp="2024-05-21T14:00:54 GMT-04:00">
  <testcase classname="com.theScore.qa.testcases.TheScoreHomePageTest" name="AccountImgTest" time="1.185"/>
  <testcase classname="com.theScore.qa.testcases.TheScoreHomePageTest" name="OpenLeague" time="1.235"/>
  <testcase classname="com.theScore.qa.testcases.TheScoreEPLPageTest" name="VerifyEPLTitleTest" time="1.868"/>
  <testcase classname="com.theScore.qa.testcases.TheScoreEPLPageTest" name="OpenTable" time="2.066"/>
  <testcase classname="com.theScore.qa.testcases.TheScoreTablePageTest" name="VerifyTableTitletest" time="1.996"/>
  <testcase classname="com.theScore.qa.testcases.TheScoreTablePageTest" name="VerifyBackToHomeWorking" time="0.11"/>
</testsuite> <!-- theScore Application Automation Testcases -->
